network,station,latitude,longitude,elevation
E,HNOM,35.44794,139.57555,7
E,BKKM,35.45998,139.58552,24
E,MZPM,35.46913,139.60210,26
E,JDJM,35.48780,139.60848,4
E,SNHM,35.50309,139.62760,12
E,UNMM,35.51230,139.63835,7
E,KMKM,35.52835,139.65525,-5
E,MKSM,35.54353,139.66249,-17
E,GKSM,35.56418,139.67356,-14
E,OMRM,35.57773,139.68973,-10
E,KDKM,35.59349,139.70631,-1
E,ENZM,35.60844,139.70786,1
E,HSUM,35.61944,139.72552,-10
E,TKMM,35.63993,139.73456,0
E,SBAM,35.65107,139.75020,-16
E,GNZM,35.66521,139.76473,-18
E,SKMM,35.67927,139.77669,-17
E,RYGM,35.69324,139.79560,-18
E,YKKM,35.70734,139.80654,-18
E,MKJM,35.72539,139.81716,-20
E,RYNM,35.73899,139.83054,-20
E,KCBM,35.75392,139.83923,-20
E,OYTM,35.77189,139.84944,-20
E,MZMM,35.78203,139.86485,-18
E,MBSM,35.81360,139.90047,-17
E,YKSM,35.83391,139.91098,-16
E,KGKM,35.84826,139.92520,-14
E,NGSM,35.85954,139.93572,-11
E,KWHM,35.89185,139.94673,-2
E,TNKM,35.90171,139.96309,-5
E,KUYM,35.92961,139.98610,-7
E,IN3M,35.95235,140.02494,-10
E,INAM,35.96867,140.03167,-12
E,KBRM,35.98189,140.04106,-1
E,GSJM,35.99165,140.05802,0
E,TKKM,36.00319,140.07033,-8
E,YTBM,36.00961,140.08117,-1
E,TSRM,36.06329,140.10734,1
E,TKZM,36.08370,140.12579,-1
E,RMSM,36.09506,140.12936,5
E,GHGM,35.63343,139.68727,10
E,NARM,35.77976,139.77626,-18
E,HKBM,35.79215,139.90286,-16
E,TKSM,35.79225,139.66012,-17
E,YYIM,35.71855,139.76035,-1
E,HNPM,36.02517,140.09750,6
E,YKBM,36.04244,140.09494,2
E,MZUM,36.14342,139.75531,-3
E,SICM,36.12158,139.79522,-3
E,SSMM,36.10664,139.82006,-3
E,MRTM,36.08158,139.82747,-3
E,NSUM,36.05589,139.84772,-4
E,YSPM,36.04742,139.87756,-7
E,NKGM,36.01761,139.88100,-1
E,NNGM,36.00611,139.90708,1
E,MYHM,35.96503,139.95728,3
E,MRJM,35.93797,139.96558,-11
E,SGWM,36.06378,139.95139,0
E,TOKM,35.92503,140.60789,-17
E,THCM,35.89772,139.37303,46
E,KSRM,35.87867,139.40569,25
E,OKCM,35.87867,139.42367,22
E,FKCM,35.87425,139.47289,10
E,NISM,35.87150,139.50575,8
E,FMNM,35.86194,139.52722,-2
E,FMHM,35.86522,139.56275,-10
E,OKDM,35.86689,139.59850,-11
E,DAIM,35.85772,139.62786,-9
E,SRCM,35.85000,139.65333,-2
E,SBCM,35.84169,139.68864,-1
E,HYHM,35.83756,139.72761,-11
E,HGCM,35.82589,139.75708,-6
E,NSMM,35.82778,139.79444,-13
E,YNMM,35.82300,139.82278,-15
E,SDMM,35.81558,139.85267,-15
E,TKNM,35.80186,139.87872,-15
E,KOHM,35.82492,139.58081,0
E,SECM,35.84622,140.23697,7
E,MDHM,35.80047,139.92750,9
E,KSCM,35.80592,139.95631,13
E,TYNM,35.80308,139.98303,9
E,STHM,35.80511,140.00606,-4
E,NNTM,35.79933,140.04258,8
E,KMRM,35.79342,140.07333,4
E,KRCM,35.80731,140.11114,3
E,FUNM,35.78383,140.12911,7
E,MNKM,35.76300,140.16775,3
E,RKGM,35.77789,140.22867,15
E,HRGM,35.75506,140.24794,9
E,KUDM,35.76564,140.28206,18
E,TSCM,35.76025,140.31428,17
E,NKNM,35.74594,140.35000,19
E,SRTM,35.75292,140.37336,19
E,HSDM,35.75158,140.40964,25
E,TK2M,35.75153,140.44811,19
E,NKMM,35.73931,140.48997,15
E,IIDM,35.74922,140.52436,21
E,SSHM,35.70736,140.54272,22
E,TBKM,35.72231,140.57928,-10
E,TYHM,35.71089,140.61364,-13
E,DICM,35.70944,140.64606,-10
E,YSSM,35.70303,140.66756,-12
E,SNJM,35.48139,140.27889,11
E,OJCM,35.51711,140.27117,75
E,HYDM,35.57172,140.34367,41
E,MNMM,35.64836,140.13111,7
E,MOKM,35.65219,140.37986,27
E,SNSM,35.68458,140.38681,26
E,MD1M,35.71956,140.44397,5
E,TACM,35.74467,140.47161,8
E,TKWM,35.76961,140.51761,2
E,YMKM,35.78367,140.53569,22
E,YT2M,35.80981,140.56311,15
E,OMNM,35.84189,140.56561,-13
E,OMKM,35.87469,140.58492,-14
E,KKHM,35.89289,139.99017,-6
E,NDOM,35.88239,140.00544,-7
E,ABHM,35.86403,140.02472,-12
E,TGNM,35.84156,140.04511,0
E,SR2M,35.81858,140.04656,6
E,SSPM,35.82147,140.08425,7
E,SYPM,35.77247,140.10236,-1
E,YMMM,35.75256,140.11764,3
E,INOM,35.73114,140.14550,8
E,SSDM,35.70925,140.15931,7
E,YGHM,35.69139,140.18289,11
E,MSRM,35.66922,140.19825,8
E,YSOM,35.63481,140.19542,8
E,SSNM,35.62006,140.22775,5
E,SRIM,35.58133,140.23150,29
E,NOBM,35.59847,140.27781,34
E,TOCM,35.54000,140.25497,66
E,OACM,35.53122,140.31781,2
E,MHKM,35.51706,140.34264,-14
E,FKOM,35.51375,140.37858,-13
E,MSKM,35.46414,140.38661,-18
E,SRKM,35.44056,140.38086,-18
E,TYUM,35.51747,140.41825,-17
E,SRSM,35.49308,140.39994,-17
E,TAKM,35.41592,140.36178,-17
E,KZMM,35.37375,140.36208,-5
E,TTOM,35.31922,140.38664,-10
E,KKSM,35.87378,139.93925,-4
E,KH2M,35.31235,139.74360,-13
E,FTPM,35.31253,139.78578,-14
E,NSJM,35.68669,139.68708,20
E,KSGM,35.72642,139.78508,-17
E,KRPM,35.64031,139.86389,-15
E,KHDM,35.71281,139.73606,5
E,SKPM,35.62356,139.76972,-13
E,SKHM,35.71569,139.57150,36
E,AYHM,35.67264,139.71544,14
E,TWDM,35.75956,139.69175,8
E,OA5M,35.71367,139.68533,0
E,SIBM,35.68572,139.64911,14
E,MSOM,35.67714,139.60642,29
E,KYDM,35.63694,139.48692,66
E,MNAM,35.74042,139.65256,20
E,SYOM,35.32331,139.47714,-11
E,FJSM,35.34442,139.48444,5
E,DGRM,35.35353,139.49447,24
E,KMHM,35.37081,139.51450,18
E,SMGM,35.38658,139.52344,15
E,HTTM,35.40192,139.53719,-5
E,KSOM,35.41525,139.55150,20
E,SFHM,35.49903,139.67794,-18
E,IKCM,35.61308,139.54592,38
E,DSCM,35.52028,139.02214,609
E,HGSM,35.42372,138.89208,995
E,YNCM,35.39275,138.85836,983
E,KZTM,35.49101,139.83330,-20
E,UHRM,35.46417,139.87364,-20
E,SGOM,35.99611,139.93347,2
E,URMM,35.65519,139.89106,-18
E,UTKM,35.63589,139.91725,-14
E,MNHM,35.67467,139.91589,-20
E,TRSM,35.71769,139.91461,-18
E,STKM,35.69881,139.94392,-18
E,MKBM,35.73692,139.94464,-15
E,OMCM,35.77147,139.95656,6
E,OHSM,35.77094,139.91575,-5
E,F3KM,35.67273,139.96678,-8
E,NMDM,35.72222,139.99494,1
E,HSMM,35.71142,140.03036,2
E,NNBM,35.75619,139.98694,0
E,SEBM,35.78433,139.98489,6
E,HNSM,35.69250,140.07217,8
E,NS7M,35.66817,140.02081,-15
E,SONM,35.66769,140.09064,0
E,YKDM,35.69600,140.11953,3
E,SW2M,35.61797,140.09425,-17
E,USCM,35.63686,140.04264,-16
E,KMGM,35.70358,139.84825,-22
E,NKSM,35.66803,139.85808,-20
E,ICEM,35.68939,139.88069,-21
E,KIMM,35.72219,139.87156,-21
E,KK2M,35.74744,139.88708,-18
E,KBTM,35.73194,139.84642,-21
E,KSNM,35.68314,139.82339,-19
E,YMPM,35.65058,139.82603,-10
E,TYSM,35.65411,139.79897,-18
E,TTNM,35.78383,139.83481,-18
E,SJSM,35.74969,139.79353,-19
E,OG6M,35.75225,139.75397,-17
E,IKBM,35.73725,139.70917,12
E,TYPM,35.70483,139.71339,-1
E,JKPM,35.57986,139.78475,-16
E,JYHM,35.75217,139.53708,37
E,UNHM,35.66386,139.56250,30
E,CF3M,35.65458,139.52628,21
E,BTSM,35.61356,139.39500,116
E,KTOM,35.62322,139.43419,88
E,OYOM,35.60467,139.35489,130
E,IMIM,35.96261,139.57136,-2
E,KBAM,35.53581,139.08481,460
E,ZKUM,35.49211,138.97428,760
E,FSMM,35.90581,140.11814,-15
E,OANM,35.74694,140.03811,9
E,IWNM,35.96756,139.83758,-4
E,KW8M,35.84425,139.97239,5
E,KNDM,35.42561,139.92556,-17
E,NTNM,35.59200,140.15875,7
E,TMHM,35.51506,140.15281,18
E,NNSM,35.37267,139.97039,2
E,TMOM,35.35311,140.03989,15
E,KSHM,35.66331,140.28333,23
E,YROM,35.44839,140.13686,1
E,KD9M,35.72475,139.49489,53
E,OBRM,35.58175,139.40519,92
E,KNMM,35.62200,139.61400,-5
E,YSKM,35.76811,139.61106,8
E,SRYM,35.64836,139.64981,12
E,KNJM,35.53094,139.72486,-18
E,SKEM,35.89142,139.85747,-15
E,MYMM,35.88994,139.77272,-13
E,ST2M,36.03494,139.74742,-10
E,HYSM,35.80378,139.40264,90
E,IDUM,35.79931,139.71122,-14
E,AZMM,35.92808,140.46097,-16
E,NBKM,35.95800,140.58061,-9
E,FRAM,35.92536,140.04506,-7
E,U1CM,35.97647,140.15603,9
E,JUWM,36.01128,140.01303,-7
E,JNUM,35.92161,140.21536,0
E,AM1M,36.03889,140.21761,4
E,SKYM,36.13275,139.86353,3
E,NSOM,35.88558,140.27778,-15
E,SMNM,36.07072,140.04786,6
E,MNYM,35.61150,140.32289,40
E,OMSM,35.83711,140.14111,-11
E,FKMM,35.84939,140.19756,-17
E,KNZM,35.90144,140.40089,-5
E,SSSM,35.92778,140.54125,-20
E,FTKM,35.93875,139.90961,-2
E,YRPM,35.54203,140.06017,-16
E,NGOM,35.40572,139.97286,-10
E,YNDM,35.36544,140.00864,4
E,OBTM,35.32097,140.05950,37
E,KYTM,35.55539,140.18094,21
E,KOYM,35.69219,140.33889,24
E,MBYM,35.80133,140.43383,23
E,NSKM,35.87344,140.35692,-5
E,NKDM,35.72600,140.07094,10
E,KZ2M,35.83342,140.37594,19
E,TNRM,35.56817,140.41739,-12
E,TREM,35.39536,140.29783,2
E,NSHM,35.25167,140.21556,64
E,YUKM,35.41097,140.06878,15
E,KYNM,35.86361,139.81531,-14
E,HSBM,36.03136,139.81028,-9
E,OHYM,35.92192,139.66581,-7
E,OYMM,36.04297,139.61744,-10
E,HRMM,36.15903,139.65081,-6
E,KM5M,35.64417,139.58183,6
E,KMTM,35.56344,139.72117,-14
E,KMNM,35.69083,139.51369,33
E,MGRM,35.75911,139.44658,79
E,KHBM,35.60289,139.66044,16
E,OOYM,35.72033,139.39008,84
E,SKCM,35.57194,139.63944,-8
E,ONMM,35.53894,139.42078,77
E,KWWM,35.53163,139.55744,41
E,HONM,35.48783,139.74305,-20
E,SYSM,35.45171,139.48148,29
OK,NHMM,35.59264,139.31722,130
OK,NKYM,35.57511,139.27392,173
OK,TKCM,35.58328,139.23289,203
OK,AONM,35.56294,139.19458,252
OK,AOCM,35.54239,139.12703,401
OK,ARMM,35.56844,139.59042,20
OK,NRAM,35.56211,139.48050,40
OK,KRHM,35.48322,139.41814,52
OK,KTGM,35.43658,139.65439,13
